  chapter08.c
C:\Program Files\Microsoft Visual Studio\2022\Community\VC\Tools\MSVC\14.34.31933\include\vadefs.h(61,35): error C2054: '​' 다음에 '('가 필요합니다.
C:\Program Files\Microsoft Visual Studio\2022\Community\VC\Tools\MSVC\14.34.31933\include\vadefs.h(61,44): error C2085: 'uintptr_t': 정식 매개 변수 목록에 없습니다.
C:\Program Files\Microsoft Visual Studio\2022\Community\VC\Tools\MSVC\14.34.31933\include\vadefs.h(72,30): error C2085: 'va_list': 정식 매개 변수 목록에 없습니다.
C:\Program Files\Microsoft Visual Studio\2022\Community\VC\Tools\MSVC\14.34.31933\include\vadefs.h(155,36): error C2143: 구문 오류: ')'이(가) '*' 앞에 없습니다.
C:\Program Files\Microsoft Visual Studio\2022\Community\VC\Tools\MSVC\14.34.31933\include\vadefs.h(155,36): error C2082: '__va_start' 정식 매개 변수 재정의
C:\Program Files\Microsoft Visual Studio\2022\Community\VC\Tools\MSVC\14.34.31933\include\vadefs.h(155,36): error C2143: 구문 오류: ';'이(가) '*' 앞에 없습니다.
C:\Program Files\Microsoft Visual Studio\2022\Community\VC\Tools\MSVC\14.34.31933\include\vadefs.h(155,43): error C2059: 구문 오류: ')'
C:\Program Files\Microsoft Visual Studio\2022\Community\VC\Tools\MSVC\14.34.31933\include\vcruntime.h(386,61): error C2146: 구문 오류: ')'이(가) '_StackCookie' 식별자 앞에 없습니다.
C:\Program Files\Microsoft Visual Studio\2022\Community\VC\Tools\MSVC\14.34.31933\include\vcruntime.h(386,61): error C2061: 구문 오류: 식별자 '_StackCookie'
C:\Program Files\Microsoft Visual Studio\2022\Community\VC\Tools\MSVC\14.34.31933\include\vcruntime.h(386,61): error C2059: 구문 오류: ';'
C:\Program Files\Microsoft Visual Studio\2022\Community\VC\Tools\MSVC\14.34.31933\include\vcruntime.h(386,73): error C2059: 구문 오류: ')'
C:\Program Files\Microsoft Visual Studio\2022\Community\VC\Tools\MSVC\14.34.31933\include\vcruntime.h(387,77): error C2146: 구문 오류: ')'이(가) '_StackCookie' 식별자 앞에 없습니다.
C:\Program Files\Microsoft Visual Studio\2022\Community\VC\Tools\MSVC\14.34.31933\include\vcruntime.h(387,77): error C2061: 구문 오류: 식별자 '_StackCookie'
C:\Program Files\Microsoft Visual Studio\2022\Community\VC\Tools\MSVC\14.34.31933\include\vcruntime.h(387,77): error C2059: 구문 오류: ';'
C:\Program Files\Microsoft Visual Studio\2022\Community\VC\Tools\MSVC\14.34.31933\include\vcruntime.h(387,89): error C2059: 구문 오류: ')'
C:\Program Files\Microsoft Visual Studio\2022\Community\VC\Tools\MSVC\14.34.31933\include\vcruntime.h(391,18): error C2061: 구문 오류: 식별자 '__security_cookie'
C:\Program Files\Microsoft Visual Studio\2022\Community\VC\Tools\MSVC\14.34.31933\include\vcruntime.h(391,18): error C2059: 구문 오류: ';'
C:\Program Files (x86)\Windows Kits\10\Include\10.0.22621.0\ucrt\corecrt.h(368,10): error C2081: 'uintptr_t': 정식 매개 변수 목록에 있는 이름이 잘못되었습니다.
C:\Program Files (x86)\Windows Kits\10\Include\10.0.22621.0\ucrt\corecrt.h(380,26): error C2146: 구문 오류: ')'이(가) '_Reserved' 식별자 앞에 없습니다.
C:\Program Files (x86)\Windows Kits\10\Include\10.0.22621.0\ucrt\corecrt.h(380,26): error C2081: 'uintptr_t': 정식 매개 변수 목록에 있는 이름이 잘못되었습니다.
C:\Program Files (x86)\Windows Kits\10\Include\10.0.22621.0\ucrt\corecrt.h(380,26): error C2061: 구문 오류: 식별자 '_Reserved'
C:\Program Files (x86)\Windows Kits\10\Include\10.0.22621.0\ucrt\corecrt.h(380,26): error C2059: 구문 오류: ';'
C:\Program Files (x86)\Windows Kits\10\Include\10.0.22621.0\ucrt\corecrt.h(380,35): error C2059: 구문 오류: ')'
C:\Program Files (x86)\Windows Kits\10\Include\10.0.22621.0\ucrt\corecrt_wstdio.h(277,66): error C2146: 구문 오류: ')'이(가) '_ArgList' 식별자 앞에 없습니다.
C:\Program Files (x86)\Windows Kits\10\Include\10.0.22621.0\ucrt\corecrt_wstdio.h(277,66): error C2081: 'va_list': 정식 매개 변수 목록에 있는 이름이 잘못되었습니다.
C:\Program Files (x86)\Windows Kits\10\Include\10.0.22621.0\ucrt\corecrt_wstdio.h(277,66): error C2061: 구문 오류: 식별자 '_ArgList'
C:\Program Files (x86)\Windows Kits\10\Include\10.0.22621.0\ucrt\corecrt_wstdio.h(277,66): error C2059: 구문 오류: ';'
C:\Program Files (x86)\Windows Kits\10\Include\10.0.22621.0\ucrt\corecrt_wstdio.h(278,9): error C2059: 구문 오류: ')'
C:\Program Files (x86)\Windows Kits\10\Include\10.0.22621.0\ucrt\corecrt_wstdio.h(286,66): error C2146: 구문 오류: ')'이(가) '_ArgList' 식별자 앞에 없습니다.
C:\Program Files (x86)\Windows Kits\10\Include\10.0.22621.0\ucrt\corecrt_wstdio.h(286,66): error C2081: 'va_list': 정식 매개 변수 목록에 있는 이름이 잘못되었습니다.
C:\Program Files (x86)\Windows Kits\10\Include\10.0.22621.0\ucrt\corecrt_wstdio.h(286,66): error C2061: 구문 오류: 식별자 '_ArgList'
C:\Program Files (x86)\Windows Kits\10\Include\10.0.22621.0\ucrt\corecrt_wstdio.h(286,66): error C2059: 구문 오류: ';'
C:\Program Files (x86)\Windows Kits\10\Include\10.0.22621.0\ucrt\corecrt_wstdio.h(287,9): error C2059: 구문 오류: ')'
C:\Program Files (x86)\Windows Kits\10\Include\10.0.22621.0\ucrt\corecrt_wstdio.h(295,66): error C2146: 구문 오류: ')'이(가) '_ArgList' 식별자 앞에 없습니다.
C:\Program Files (x86)\Windows Kits\10\Include\10.0.22621.0\ucrt\corecrt_wstdio.h(295,66): error C2081: 'va_list': 정식 매개 변수 목록에 있는 이름이 잘못되었습니다.
C:\Program Files (x86)\Windows Kits\10\Include\10.0.22621.0\ucrt\corecrt_wstdio.h(295,66): error C2061: 구문 오류: 식별자 '_ArgList'
C:\Program Files (x86)\Windows Kits\10\Include\10.0.22621.0\ucrt\corecrt_wstdio.h(295,66): error C2059: 구문 오류: ';'
C:\Program Files (x86)\Windows Kits\10\Include\10.0.22621.0\ucrt\corecrt_wstdio.h(296,9): error C2059: 구문 오류: ')'
C:\Program Files (x86)\Windows Kits\10\Include\10.0.22621.0\ucrt\corecrt_wstdio.h(303,70): error C2146: 구문 오류: ')'이(가) '_ArgList' 식별자 앞에 없습니다.
C:\Program Files (x86)\Windows Kits\10\Include\10.0.22621.0\ucrt\corecrt_wstdio.h(303,70): error C2081: 'va_list': 정식 매개 변수 목록에 있는 이름이 잘못되었습니다.
C:\Program Files (x86)\Windows Kits\10\Include\10.0.22621.0\ucrt\corecrt_wstdio.h(303,70): error C2061: 구문 오류: 식별자 '_ArgList'
C:\Program Files (x86)\Windows Kits\10\Include\10.0.22621.0\ucrt\corecrt_wstdio.h(303,70): error C2059: 구문 오류: ';'
C:\Program Files (x86)\Windows Kits\10\Include\10.0.22621.0\ucrt\corecrt_wstdio.h(304,9): error C2059: 구문 오류: ')'
C:\Program Files (x86)\Windows Kits\10\Include\10.0.22621.0\ucrt\corecrt_wstdio.h(308,5): error C2449: 파일 범위에 '{'가 있습니다. 함수 헤더가 없는 것 같습니다.
C:\Program Files (x86)\Windows Kits\10\Include\10.0.22621.0\ucrt\corecrt_wstdio.h(310,5): error C2059: 구문 오류: '}'
C:\Program Files (x86)\Windows Kits\10\Include\10.0.22621.0\ucrt\corecrt_wstdio.h(332,70): error C2146: 구문 오류: ')'이(가) '_ArgList' 식별자 앞에 없습니다.
C:\Program Files (x86)\Windows Kits\10\Include\10.0.22621.0\ucrt\corecrt_wstdio.h(332,70): error C2081: 'va_list': 정식 매개 변수 목록에 있는 이름이 잘못되었습니다.
C:\Program Files (x86)\Windows Kits\10\Include\10.0.22621.0\ucrt\corecrt_wstdio.h(332,70): error C2061: 구문 오류: 식별자 '_ArgList'
C:\Program Files (x86)\Windows Kits\10\Include\10.0.22621.0\ucrt\corecrt_wstdio.h(332,70): error C2059: 구문 오류: ';'
C:\Program Files (x86)\Windows Kits\10\Include\10.0.22621.0\ucrt\corecrt_wstdio.h(333,9): error C2059: 구문 오류: ')'
C:\Program Files (x86)\Windows Kits\10\Include\10.0.22621.0\ucrt\corecrt_wstdio.h(337,5): error C2449: 파일 범위에 '{'가 있습니다. 함수 헤더가 없는 것 같습니다.
C:\Program Files (x86)\Windows Kits\10\Include\10.0.22621.0\ucrt\corecrt_wstdio.h(339,5): error C2059: 구문 오류: '}'
C:\Program Files (x86)\Windows Kits\10\Include\10.0.22621.0\ucrt\corecrt_wstdio.h(365,70): error C2146: 구문 오류: ')'이(가) '_ArgList' 식별자 앞에 없습니다.
C:\Program Files (x86)\Windows Kits\10\Include\10.0.22621.0\ucrt\corecrt_wstdio.h(365,70): error C2081: 'va_list': 정식 매개 변수 목록에 있는 이름이 잘못되었습니다.
C:\Program Files (x86)\Windows Kits\10\Include\10.0.22621.0\ucrt\corecrt_wstdio.h(365,70): error C2061: 구문 오류: 식별자 '_ArgList'
C:\Program Files (x86)\Windows Kits\10\Include\10.0.22621.0\ucrt\corecrt_wstdio.h(365,70): error C2059: 구문 오류: ';'
C:\Program Files (x86)\Windows Kits\10\Include\10.0.22621.0\ucrt\corecrt_wstdio.h(366,9): error C2059: 구문 오류: ')'
C:\Program Files (x86)\Windows Kits\10\Include\10.0.22621.0\ucrt\corecrt_wstdio.h(370,5): error C2449: 파일 범위에 '{'가 있습니다. 함수 헤더가 없는 것 같습니다.
C:\Program Files (x86)\Windows Kits\10\Include\10.0.22621.0\ucrt\corecrt_wstdio.h(372,5): error C2059: 구문 오류: '}'
C:\Program Files (x86)\Windows Kits\10\Include\10.0.22621.0\ucrt\corecrt_wstdio.h(393,70): error C2146: 구문 오류: ')'이(가) '_ArgList' 식별자 앞에 없습니다.
C:\Program Files (x86)\Windows Kits\10\Include\10.0.22621.0\ucrt\corecrt_wstdio.h(393,70): error C2081: 'va_list': 정식 매개 변수 목록에 있는 이름이 잘못되었습니다.
C:\Program Files (x86)\Windows Kits\10\Include\10.0.22621.0\ucrt\corecrt_wstdio.h(393,70): error C2061: 구문 오류: 식별자 '_ArgList'
C:\Program Files (x86)\Windows Kits\10\Include\10.0.22621.0\ucrt\corecrt_wstdio.h(393,70): error C2059: 구문 오류: ';'
C:\Program Files (x86)\Windows Kits\10\Include\10.0.22621.0\ucrt\corecrt_wstdio.h(394,9): error C2059: 구문 오류: ')'
C:\Program Files (x86)\Windows Kits\10\Include\10.0.22621.0\ucrt\corecrt_wstdio.h(398,5): error C2449: 파일 범위에 '{'가 있습니다. 함수 헤더가 없는 것 같습니다.
C:\Program Files (x86)\Windows Kits\10\Include\10.0.22621.0\ucrt\corecrt_wstdio.h(400,5): error C2059: 구문 오류: '}'
C:\Program Files (x86)\Windows Kits\10\Include\10.0.22621.0\ucrt\corecrt_wstdio.h(420,70): error C2146: 구문 오류: ')'이(가) '_ArgList' 식별자 앞에 없습니다.
C:\Program Files (x86)\Windows Kits\10\Include\10.0.22621.0\ucrt\corecrt_wstdio.h(420,70): error C2081: 'va_list': 정식 매개 변수 목록에 있는 이름이 잘못되었습니다.
C:\Program Files (x86)\Windows Kits\10\Include\10.0.22621.0\ucrt\corecrt_wstdio.h(420,70): error C2061: 구문 오류: 식별자 '_ArgList'
C:\Program Files (x86)\Windows Kits\10\Include\10.0.22621.0\ucrt\corecrt_wstdio.h(420,70): error C2059: 구문 오류: ';'
C:\Program Files (x86)\Windows Kits\10\Include\10.0.22621.0\ucrt\corecrt_wstdio.h(421,9): error C2059: 구문 오류: ')'
C:\Program Files (x86)\Windows Kits\10\Include\10.0.22621.0\ucrt\corecrt_wstdio.h(425,5): error C2449: 파일 범위에 '{'가 있습니다. 함수 헤더가 없는 것 같습니다.
C:\Program Files (x86)\Windows Kits\10\Include\10.0.22621.0\ucrt\corecrt_wstdio.h(427,5): error C2059: 구문 오류: '}'
C:\Program Files (x86)\Windows Kits\10\Include\10.0.22621.0\ucrt\corecrt_wstdio.h(451,70): error C2146: 구문 오류: ')'이(가) '_ArgList' 식별자 앞에 없습니다.
C:\Program Files (x86)\Windows Kits\10\Include\10.0.22621.0\ucrt\corecrt_wstdio.h(451,70): error C2081: 'va_list': 정식 매개 변수 목록에 있는 이름이 잘못되었습니다.
C:\Program Files (x86)\Windows Kits\10\Include\10.0.22621.0\ucrt\corecrt_wstdio.h(451,70): error C2061: 구문 오류: 식별자 '_ArgList'
C:\Program Files (x86)\Windows Kits\10\Include\10.0.22621.0\ucrt\corecrt_wstdio.h(451,70): error C2059: 구문 오류: ';'
C:\Program Files (x86)\Windows Kits\10\Include\10.0.22621.0\ucrt\corecrt_wstdio.h(452,9): error C2059: 구문 오류: ')'
C:\Program Files (x86)\Windows Kits\10\Include\10.0.22621.0\ucrt\corecrt_wstdio.h(456,5): error C2449: 파일 범위에 '{'가 있습니다. 함수 헤더가 없는 것 같습니다.
C:\Program Files (x86)\Windows Kits\10\Include\10.0.22621.0\ucrt\corecrt_wstdio.h(458,5): error C2059: 구문 오류: '}'
C:\Program Files (x86)\Windows Kits\10\Include\10.0.22621.0\ucrt\corecrt_wstdio.h(485,17): error C2065: 'va_list': 선언되지 않은 식별자입니다.
C:\Program Files (x86)\Windows Kits\10\Include\10.0.22621.0\ucrt\corecrt_wstdio.h(485,17): error C2146: 구문 오류: ';'이(가) '_ArgList' 식별자 앞에 없습니다.
C:\Program Files (x86)\Windows Kits\10\Include\10.0.22621.0\ucrt\corecrt_wstdio.h(485,25): error C2065: '_ArgList': 선언되지 않은 식별자입니다.
C:\Program Files (x86)\Windows Kits\10\Include\10.0.22621.0\ucrt\corecrt_wstdio.h(486,9): error C2065: '_ArgList': 선언되지 않은 식별자입니다.
C:\Program Files (x86)\Windows Kits\10\Include\10.0.22621.0\ucrt\corecrt_wstdio.h(487,19): warning C4013: '_vfwprintf_l'이(가) 정의되지 않았습니다. extern은 int형을 반환하는 것으로 간주합니다.
C:\Program Files (x86)\Windows Kits\10\Include\10.0.22621.0\ucrt\corecrt_wstdio.h(487,67): error C2065: '_ArgList': 선언되지 않은 식별자입니다.
C:\Program Files (x86)\Windows Kits\10\Include\10.0.22621.0\ucrt\corecrt_wstdio.h(488,9): error C2065: '_ArgList': 선언되지 않은 식별자입니다.
C:\Program Files (x86)\Windows Kits\10\Include\10.0.22621.0\ucrt\corecrt_wstdio.h(488,9): error C2065: 'va_list': 선언되지 않은 식별자입니다.
C:\Program Files (x86)\Windows Kits\10\Include\10.0.22621.0\ucrt\corecrt_wstdio.h(488,9): error C2143: 구문 오류: ')'이(가) '상수' 앞에 없습니다.
C:\Program Files (x86)\Windows Kits\10\Include\10.0.22621.0\ucrt\corecrt_wstdio.h(488,9): error C2059: 구문 오류: ')'
C:\Program Files (x86)\Windows Kits\10\Include\10.0.22621.0\ucrt\corecrt_wstdio.h(503,17): error C2065: 'va_list': 선언되지 않은 식별자입니다.
C:\Program Files (x86)\Windows Kits\10\Include\10.0.22621.0\ucrt\corecrt_wstdio.h(503,17): error C2146: 구문 오류: ';'이(가) '_ArgList' 식별자 앞에 없습니다.
C:\Program Files (x86)\Windows Kits\10\Include\10.0.22621.0\ucrt\corecrt_wstdio.h(503,25): error C2065: '_ArgList': 선언되지 않은 식별자입니다.
C:\Program Files (x86)\Windows Kits\10\Include\10.0.22621.0\ucrt\corecrt_wstdio.h(504,9): error C2065: '_ArgList': 선언되지 않은 식별자입니다.
C:\Program Files (x86)\Windows Kits\10\Include\10.0.22621.0\ucrt\corecrt_wstdio.h(505,64): error C2065: '_ArgList': 선언되지 않은 식별자입니다.
C:\Program Files (x86)\Windows Kits\10\Include\10.0.22621.0\ucrt\corecrt_wstdio.h(506,9): error C2065: '_ArgList': 선언되지 않은 식별자입니다.
C:\Program Files (x86)\Windows Kits\10\Include\10.0.22621.0\ucrt\corecrt_wstdio.h(506,9): error C2065: 'va_list': 선언되지 않은 식별자입니다.
C:\Program Files (x86)\Windows Kits\10\Include\10.0.22621.0\ucrt\corecrt_wstdio.h(506,9): error C2143: 구문 오류: ')'이(가) '상수' 앞에 없습니다.
C:\Program Files (x86)\Windows Kits\10\Include\10.0.22621.0\ucrt\corecrt_wstdio.h(506,9): error C2059: 구문 오류: ')'
C:\Program Files (x86)\Windows Kits\10\Include\10.0.22621.0\ucrt\corecrt_wstdio.h(522,17): error C2065: 'va_list': 선언되지 않은 식별자입니다.
C:\Program Files (x86)\Windows Kits\10\Include\10.0.22621.0\ucrt\corecrt_wstdio.h(522,17): error C2146: 구문 오류: ';'이(가) '_ArgList' 식별자 앞에 없습니다.
C:\Program Files (x86)\Windows Kits\10\Include\10.0.22621.0\ucrt\corecrt_wstdio.h(522,25): error C2065: '_ArgList': 선언되지 않은 식별자입니다.
C:\Program Files (x86)\Windows Kits\10\Include\10.0.22621.0\ucrt\corecrt_wstdio.h(522,25): fatal  error C1003: 오류 수가 100개를 초과했습니다. 컴파일을 중지합니다.
